2021-04-13 08:33:44.310  INFO 7081 --- [main] pl.goreit.blog.GoreIT                    : Starting GoreIT on goreit-pc with PID 7081 (/home/goreit/projects/gworkshop/build/classes/java/main started by goreit in /home/goreit/projects/gworkshop)
2021-04-13 08:33:44.316  INFO 7081 --- [main] pl.goreit.blog.GoreIT                    : The following profiles are active: local
2021-04-13 08:33:45.109  INFO 7081 --- [main] .s.d.r.c.RepositoryConfigurationDelegate : Multiple Spring Data modules found, entering strict repository configuration mode!
2021-04-13 08:33:45.111  INFO 7081 --- [main] .s.d.r.c.RepositoryConfigurationDelegate : Bootstrapping Spring Data MongoDB repositories in DEFAULT mode.
2021-04-13 08:33:45.174  INFO 7081 --- [main] .s.d.r.c.RepositoryConfigurationDelegate : Finished Spring Data repository scanning in 59ms. Found 6 MongoDB repository interfaces.
2021-04-13 08:33:45.181  INFO 7081 --- [main] .s.d.r.c.RepositoryConfigurationDelegate : Multiple Spring Data modules found, entering strict repository configuration mode!
2021-04-13 08:33:45.181  INFO 7081 --- [main] .s.d.r.c.RepositoryConfigurationDelegate : Bootstrapping Spring Data Solr repositories in DEFAULT mode.
2021-04-13 08:33:45.193  INFO 7081 --- [main] .RepositoryConfigurationExtensionSupport : Spring Data Solr - Could not safely identify store assignment for repository candidate interface pl.goreit.blog.infrastructure.mongo.AccountRepo. If you want this repository to be a Solr repository, consider annotating your entities with one of these annotations: org.springframework.data.solr.core.mapping.SolrDocument (preferred), or consider extending one of the following types with your repository: org.springframework.data.solr.repository.SolrRepository, org.springframework.data.solr.repository.SolrCrudRepository.
2021-04-13 08:33:45.193  INFO 7081 --- [main] .RepositoryConfigurationExtensionSupport : Spring Data Solr - Could not safely identify store assignment for repository candidate interface pl.goreit.blog.infrastructure.mongo.MessageRepo. If you want this repository to be a Solr repository, consider annotating your entities with one of these annotations: org.springframework.data.solr.core.mapping.SolrDocument (preferred), or consider extending one of the following types with your repository: org.springframework.data.solr.repository.SolrRepository, org.springframework.data.solr.repository.SolrCrudRepository.
2021-04-13 08:33:45.193  INFO 7081 --- [main] .RepositoryConfigurationExtensionSupport : Spring Data Solr - Could not safely identify store assignment for repository candidate interface pl.goreit.blog.infrastructure.mongo.OrderRepo. If you want this repository to be a Solr repository, consider annotating your entities with one of these annotations: org.springframework.data.solr.core.mapping.SolrDocument (preferred), or consider extending one of the following types with your repository: org.springframework.data.solr.repository.SolrRepository, org.springframework.data.solr.repository.SolrCrudRepository.
2021-04-13 08:33:45.194  INFO 7081 --- [main] .RepositoryConfigurationExtensionSupport : Spring Data Solr - Could not safely identify store assignment for repository candidate interface pl.goreit.blog.infrastructure.mongo.PhotoAlbumRepo. If you want this repository to be a Solr repository, consider annotating your entities with one of these annotations: org.springframework.data.solr.core.mapping.SolrDocument (preferred), or consider extending one of the following types with your repository: org.springframework.data.solr.repository.SolrRepository, org.springframework.data.solr.repository.SolrCrudRepository.
2021-04-13 08:33:45.194  INFO 7081 --- [main] .RepositoryConfigurationExtensionSupport : Spring Data Solr - Could not safely identify store assignment for repository candidate interface pl.goreit.blog.infrastructure.mongo.ProductRepo. If you want this repository to be a Solr repository, consider annotating your entities with one of these annotations: org.springframework.data.solr.core.mapping.SolrDocument (preferred), or consider extending one of the following types with your repository: org.springframework.data.solr.repository.SolrRepository, org.springframework.data.solr.repository.SolrCrudRepository.
2021-04-13 08:33:45.194  INFO 7081 --- [main] .RepositoryConfigurationExtensionSupport : Spring Data Solr - Could not safely identify store assignment for repository candidate interface pl.goreit.blog.infrastructure.mongo.WorkshopRepo. If you want this repository to be a Solr repository, consider annotating your entities with one of these annotations: org.springframework.data.solr.core.mapping.SolrDocument (preferred), or consider extending one of the following types with your repository: org.springframework.data.solr.repository.SolrRepository, org.springframework.data.solr.repository.SolrCrudRepository.
2021-04-13 08:33:45.195  INFO 7081 --- [main] .s.d.r.c.RepositoryConfigurationDelegate : Finished Spring Data repository scanning in 7ms. Found 0 Solr repository interfaces.
2021-04-13 08:33:45.993  INFO 7081 --- [main] o.s.b.w.embedded.tomcat.TomcatWebServer  : Tomcat initialized with port(s): 8080 (http)
2021-04-13 08:33:46.001  INFO 7081 --- [main] o.apache.catalina.core.StandardService   : Starting service [Tomcat]
2021-04-13 08:33:46.001  INFO 7081 --- [main] org.apache.catalina.core.StandardEngine  : Starting Servlet engine: [Apache Tomcat/9.0.31]
2021-04-13 08:33:46.066  INFO 7081 --- [main] o.a.c.c.C.[Tomcat].[localhost].[/]       : Initializing Spring embedded WebApplicationContext
2021-04-13 08:33:46.066  INFO 7081 --- [main] o.s.web.context.ContextLoader            : Root WebApplicationContext: initialization completed in 1711 ms
2021-04-13 08:33:46.495  INFO 7081 --- [main] org.mongodb.driver.cluster               : Cluster created with settings {hosts=[localhost:27017], mode=MULTIPLE, requiredClusterType=UNKNOWN, serverSelectionTimeout='30000 ms', maxWaitQueueSize=500}
2021-04-13 08:33:46.495  INFO 7081 --- [main] org.mongodb.driver.cluster               : Adding discovered server localhost:27017 to client view of cluster
2021-04-13 08:33:46.550  INFO 7081 --- [cluster-ClusterId{value='60753b4add020d7e37c85bda', description='null'}-localhost:27017] org.mongodb.driver.connection            : Opened connection [connectionId{localValue:1, serverValue:1}] to localhost:27017
2021-04-13 08:33:46.554  INFO 7081 --- [cluster-ClusterId{value='60753b4add020d7e37c85bda', description='null'}-localhost:27017] org.mongodb.driver.cluster               : Monitor thread successfully connected to server with description ServerDescription{address=localhost:27017, type=STANDALONE, state=CONNECTED, ok=true, version=ServerVersion{versionList=[4, 0, 0]}, minWireVersion=0, maxWireVersion=7, maxDocumentSize=16777216, logicalSessionTimeoutMinutes=30, roundTripTimeNanos=2995459}
2021-04-13 08:33:46.556  INFO 7081 --- [cluster-ClusterId{value='60753b4add020d7e37c85bda', description='null'}-localhost:27017] org.mongodb.driver.cluster               : Discovered cluster type of STANDALONE
2021-04-13 08:33:46.731  WARN 7081 --- [main] .m.c.i.MongoPersistentEntityIndexCreator : Automatic index creation will be disabled by default as of Spring Data MongoDB 3.x.
	Please use 'MongoMappingContext#setAutoIndexCreation(boolean)' or override 'MongoConfigurationSupport#autoIndexCreation()' to be explicit.
	However, we recommend setting up indices manually in an application ready block. You may use index derivation there as well.

	> -----------------------------------------------------------------------------------------
	> @EventListener(ApplicationReadyEvent.class)
	> public void initIndicesAfterStartup() {
	>
	>     IndexOperations indexOps = mongoTemplate.indexOps(DomainType.class);
	>
	>     IndexResolver resolver = new MongoPersistentEntityIndexResolver(mongoMappingContext);
	>     resolver.resolveIndexFor(DomainType.class).forEach(indexOps::ensureIndex);
	> }
	> -----------------------------------------------------------------------------------------

2021-04-13 08:33:46.847  INFO 7081 --- [main] org.mongodb.driver.connection            : Opened connection [connectionId{localValue:2, serverValue:2}] to localhost:27017
2021-04-13 08:33:47.901  INFO 7081 --- [main] o.s.b.a.e.web.EndpointLinksResolver      : Exposing 2 endpoint(s) beneath base path '/actuator'
2021-04-13 08:33:47.962  INFO 7081 --- [main] pertySourcedRequestMappingHandlerMapping : Mapped URL path [/v2/api-docs] onto method [springfox.documentation.swagger2.web.Swagger2Controller#getDocumentation(String, HttpServletRequest)]
2021-04-13 08:33:48.050  INFO 7081 --- [main] o.s.s.web.DefaultSecurityFilterChain     : Creating filter chain: any request, [org.springframework.security.web.context.request.async.WebAsyncManagerIntegrationFilter@a0d875d, org.springframework.security.web.context.SecurityContextPersistenceFilter@5c0e2ec, org.springframework.security.web.header.HeaderWriterFilter@298263fa, org.springframework.security.web.authentication.logout.LogoutFilter@1aeff8ca, org.springframework.security.web.authentication.www.BasicAuthenticationFilter@399f5daf, org.springframework.security.web.savedrequest.RequestCacheAwareFilter@7d3c22a5, org.springframework.security.web.servletapi.SecurityContextHolderAwareRequestFilter@71e7830a, org.springframework.security.web.authentication.AnonymousAuthenticationFilter@693f2c89, org.springframework.security.web.session.SessionManagementFilter@59127611, org.springframework.security.web.access.ExceptionTranslationFilter@150f41b9, org.springframework.security.web.access.intercept.FilterSecurityInterceptor@1dca62c2]
2021-04-13 08:33:48.057  INFO 7081 --- [main] o.s.s.c.ThreadPoolTaskScheduler          : Initializing ExecutorService 'threadPoolTaskScheduler'
2021-04-13 08:33:48.376  INFO 7081 --- [main] d.s.w.p.DocumentationPluginsBootstrapper : Context refreshed
2021-04-13 08:33:48.425  INFO 7081 --- [main] d.s.w.p.DocumentationPluginsBootstrapper : Found 1 custom documentation plugin(s)
2021-04-13 08:33:48.457  INFO 7081 --- [main] s.d.s.w.s.ApiListingReferenceScanner     : Scanning for api listing references
2021-04-13 08:33:48.732  INFO 7081 --- [main] .d.s.w.r.o.CachingOperationNameGenerator : Generating unique operation named: handleUsingGET_1
2021-04-13 08:33:48.733  INFO 7081 --- [main] .d.s.w.r.o.CachingOperationNameGenerator : Generating unique operation named: handleUsingGET_2
2021-04-13 08:33:48.765  INFO 7081 --- [main] .d.s.w.r.o.CachingOperationNameGenerator : Generating unique operation named: addOrderUsingPOST_1
2021-04-13 08:33:48.813  INFO 7081 --- [main] o.s.b.w.embedded.tomcat.TomcatWebServer  : Tomcat started on port(s): 8080 (http) with context path ''
2021-04-13 08:33:48.815  INFO 7081 --- [main] pl.goreit.blog.GoreIT                    : Started GoreIT in 4.872 seconds (JVM running for 5.355)
2021-04-13 08:45:59.212  INFO 7081 --- [http-nio-8080-exec-2] o.a.c.c.C.[Tomcat].[localhost].[/]       : Initializing Spring DispatcherServlet 'dispatcherServlet'
2021-04-13 08:45:59.212  INFO 7081 --- [http-nio-8080-exec-2] o.s.web.servlet.DispatcherServlet        : Initializing Servlet 'dispatcherServlet'
2021-04-13 08:45:59.217  INFO 7081 --- [http-nio-8080-exec-2] o.s.web.servlet.DispatcherServlet        : Completed initialization in 5 ms
2021-04-13 08:46:04.474  WARN 7081 --- [http-nio-8080-exec-3] o.s.web.servlet.PageNotFound             : No mapping for GET /
2021-04-13 08:46:04.497  WARN 7081 --- [http-nio-8080-exec-4] o.s.web.servlet.PageNotFound             : No mapping for GET /csrf
2021-04-13 09:06:39.448  INFO 15734 --- [main] pl.goreit.blog.GoreIT                    : Starting GoreIT on goreit-pc with PID 15734 (/home/goreit/projects/gworkshop/build/classes/java/main started by goreit in /home/goreit/projects/gworkshop)
2021-04-13 09:06:39.451  INFO 15734 --- [main] pl.goreit.blog.GoreIT                    : The following profiles are active: local
2021-04-13 09:06:40.116  INFO 15734 --- [main] .s.d.r.c.RepositoryConfigurationDelegate : Multiple Spring Data modules found, entering strict repository configuration mode!
2021-04-13 09:06:40.117  INFO 15734 --- [main] .s.d.r.c.RepositoryConfigurationDelegate : Bootstrapping Spring Data MongoDB repositories in DEFAULT mode.
2021-04-13 09:06:40.176  INFO 15734 --- [main] .s.d.r.c.RepositoryConfigurationDelegate : Finished Spring Data repository scanning in 55ms. Found 6 MongoDB repository interfaces.
2021-04-13 09:06:40.182  INFO 15734 --- [main] .s.d.r.c.RepositoryConfigurationDelegate : Multiple Spring Data modules found, entering strict repository configuration mode!
2021-04-13 09:06:40.183  INFO 15734 --- [main] .s.d.r.c.RepositoryConfigurationDelegate : Bootstrapping Spring Data Solr repositories in DEFAULT mode.
2021-04-13 09:06:40.194  INFO 15734 --- [main] .RepositoryConfigurationExtensionSupport : Spring Data Solr - Could not safely identify store assignment for repository candidate interface pl.goreit.blog.infrastructure.mongo.AccountRepo. If you want this repository to be a Solr repository, consider annotating your entities with one of these annotations: org.springframework.data.solr.core.mapping.SolrDocument (preferred), or consider extending one of the following types with your repository: org.springframework.data.solr.repository.SolrRepository, org.springframework.data.solr.repository.SolrCrudRepository.
2021-04-13 09:06:40.194  INFO 15734 --- [main] .RepositoryConfigurationExtensionSupport : Spring Data Solr - Could not safely identify store assignment for repository candidate interface pl.goreit.blog.infrastructure.mongo.MessageRepo. If you want this repository to be a Solr repository, consider annotating your entities with one of these annotations: org.springframework.data.solr.core.mapping.SolrDocument (preferred), or consider extending one of the following types with your repository: org.springframework.data.solr.repository.SolrRepository, org.springframework.data.solr.repository.SolrCrudRepository.
2021-04-13 09:06:40.195  INFO 15734 --- [main] .RepositoryConfigurationExtensionSupport : Spring Data Solr - Could not safely identify store assignment for repository candidate interface pl.goreit.blog.infrastructure.mongo.OrderRepo. If you want this repository to be a Solr repository, consider annotating your entities with one of these annotations: org.springframework.data.solr.core.mapping.SolrDocument (preferred), or consider extending one of the following types with your repository: org.springframework.data.solr.repository.SolrRepository, org.springframework.data.solr.repository.SolrCrudRepository.
2021-04-13 09:06:40.195  INFO 15734 --- [main] .RepositoryConfigurationExtensionSupport : Spring Data Solr - Could not safely identify store assignment for repository candidate interface pl.goreit.blog.infrastructure.mongo.PhotoAlbumRepo. If you want this repository to be a Solr repository, consider annotating your entities with one of these annotations: org.springframework.data.solr.core.mapping.SolrDocument (preferred), or consider extending one of the following types with your repository: org.springframework.data.solr.repository.SolrRepository, org.springframework.data.solr.repository.SolrCrudRepository.
2021-04-13 09:06:40.195  INFO 15734 --- [main] .RepositoryConfigurationExtensionSupport : Spring Data Solr - Could not safely identify store assignment for repository candidate interface pl.goreit.blog.infrastructure.mongo.ProductRepo. If you want this repository to be a Solr repository, consider annotating your entities with one of these annotations: org.springframework.data.solr.core.mapping.SolrDocument (preferred), or consider extending one of the following types with your repository: org.springframework.data.solr.repository.SolrRepository, org.springframework.data.solr.repository.SolrCrudRepository.
2021-04-13 09:06:40.196  INFO 15734 --- [main] .RepositoryConfigurationExtensionSupport : Spring Data Solr - Could not safely identify store assignment for repository candidate interface pl.goreit.blog.infrastructure.mongo.WorkshopRepo. If you want this repository to be a Solr repository, consider annotating your entities with one of these annotations: org.springframework.data.solr.core.mapping.SolrDocument (preferred), or consider extending one of the following types with your repository: org.springframework.data.solr.repository.SolrRepository, org.springframework.data.solr.repository.SolrCrudRepository.
2021-04-13 09:06:40.196  INFO 15734 --- [main] .s.d.r.c.RepositoryConfigurationDelegate : Finished Spring Data repository scanning in 8ms. Found 0 Solr repository interfaces.
2021-04-13 09:06:40.743  INFO 15734 --- [main] o.s.b.w.embedded.tomcat.TomcatWebServer  : Tomcat initialized with port(s): 8080 (http)
2021-04-13 09:06:40.751  INFO 15734 --- [main] o.apache.catalina.core.StandardService   : Starting service [Tomcat]
2021-04-13 09:06:40.752  INFO 15734 --- [main] org.apache.catalina.core.StandardEngine  : Starting Servlet engine: [Apache Tomcat/9.0.31]
2021-04-13 09:06:40.801  INFO 15734 --- [main] o.a.c.c.C.[Tomcat].[localhost].[/]       : Initializing Spring embedded WebApplicationContext
2021-04-13 09:06:40.801  INFO 15734 --- [main] o.s.web.context.ContextLoader            : Root WebApplicationContext: initialization completed in 1320 ms
2021-04-13 09:06:41.110  INFO 15734 --- [main] org.mongodb.driver.cluster               : Cluster created with settings {hosts=[localhost:27017], mode=MULTIPLE, requiredClusterType=UNKNOWN, serverSelectionTimeout='30000 ms', maxWaitQueueSize=500}
2021-04-13 09:06:41.110  INFO 15734 --- [main] org.mongodb.driver.cluster               : Adding discovered server localhost:27017 to client view of cluster
2021-04-13 09:06:41.151  INFO 15734 --- [cluster-ClusterId{value='60754301c56623340abdc3d6', description='null'}-localhost:27017] org.mongodb.driver.connection            : Opened connection [connectionId{localValue:1, serverValue:3}] to localhost:27017
2021-04-13 09:06:41.154  INFO 15734 --- [cluster-ClusterId{value='60754301c56623340abdc3d6', description='null'}-localhost:27017] org.mongodb.driver.cluster               : Monitor thread successfully connected to server with description ServerDescription{address=localhost:27017, type=STANDALONE, state=CONNECTED, ok=true, version=ServerVersion{versionList=[4, 0, 0]}, minWireVersion=0, maxWireVersion=7, maxDocumentSize=16777216, logicalSessionTimeoutMinutes=30, roundTripTimeNanos=2059033}
2021-04-13 09:06:41.155  INFO 15734 --- [cluster-ClusterId{value='60754301c56623340abdc3d6', description='null'}-localhost:27017] org.mongodb.driver.cluster               : Discovered cluster type of STANDALONE
2021-04-13 09:06:41.278  WARN 15734 --- [main] .m.c.i.MongoPersistentEntityIndexCreator : Automatic index creation will be disabled by default as of Spring Data MongoDB 3.x.
	Please use 'MongoMappingContext#setAutoIndexCreation(boolean)' or override 'MongoConfigurationSupport#autoIndexCreation()' to be explicit.
	However, we recommend setting up indices manually in an application ready block. You may use index derivation there as well.

	> -----------------------------------------------------------------------------------------
	> @EventListener(ApplicationReadyEvent.class)
	> public void initIndicesAfterStartup() {
	>
	>     IndexOperations indexOps = mongoTemplate.indexOps(DomainType.class);
	>
	>     IndexResolver resolver = new MongoPersistentEntityIndexResolver(mongoMappingContext);
	>     resolver.resolveIndexFor(DomainType.class).forEach(indexOps::ensureIndex);
	> }
	> -----------------------------------------------------------------------------------------

2021-04-13 09:06:41.359  INFO 15734 --- [main] org.mongodb.driver.connection            : Opened connection [connectionId{localValue:2, serverValue:4}] to localhost:27017
2021-04-13 09:06:42.238  INFO 15734 --- [main] o.s.b.a.e.web.EndpointLinksResolver      : Exposing 2 endpoint(s) beneath base path '/actuator'
2021-04-13 09:06:42.313  INFO 15734 --- [main] pertySourcedRequestMappingHandlerMapping : Mapped URL path [/v2/api-docs] onto method [springfox.documentation.swagger2.web.Swagger2Controller#getDocumentation(String, HttpServletRequest)]
2021-04-13 09:06:42.386  INFO 15734 --- [main] o.s.s.web.DefaultSecurityFilterChain     : Creating filter chain: any request, [org.springframework.security.web.context.request.async.WebAsyncManagerIntegrationFilter@61554b6b, org.springframework.security.web.context.SecurityContextPersistenceFilter@5e541ef9, org.springframework.security.web.header.HeaderWriterFilter@410382cb, org.springframework.security.web.authentication.logout.LogoutFilter@4cd7e993, org.springframework.security.web.authentication.www.BasicAuthenticationFilter@18bb1b88, org.springframework.security.web.savedrequest.RequestCacheAwareFilter@28ce75ec, org.springframework.security.web.servletapi.SecurityContextHolderAwareRequestFilter@54275b5d, org.springframework.security.web.authentication.AnonymousAuthenticationFilter@761f234c, org.springframework.security.web.session.SessionManagementFilter@a0d875d, org.springframework.security.web.access.ExceptionTranslationFilter@4bf8b77, org.springframework.security.web.access.intercept.FilterSecurityInterceptor@4809c771]
2021-04-13 09:06:42.393  INFO 15734 --- [main] o.s.s.c.ThreadPoolTaskScheduler          : Initializing ExecutorService 'threadPoolTaskScheduler'
2021-04-13 09:06:42.589  INFO 15734 --- [main] d.s.w.p.DocumentationPluginsBootstrapper : Context refreshed
2021-04-13 09:06:42.603  INFO 15734 --- [main] d.s.w.p.DocumentationPluginsBootstrapper : Found 1 custom documentation plugin(s)
2021-04-13 09:06:42.627  INFO 15734 --- [main] s.d.s.w.s.ApiListingReferenceScanner     : Scanning for api listing references
2021-04-13 09:06:42.833  INFO 15734 --- [main] .d.s.w.r.o.CachingOperationNameGenerator : Generating unique operation named: handleUsingGET_1
2021-04-13 09:06:42.834  INFO 15734 --- [main] .d.s.w.r.o.CachingOperationNameGenerator : Generating unique operation named: handleUsingGET_2
2021-04-13 09:06:42.863  INFO 15734 --- [main] .d.s.w.r.o.CachingOperationNameGenerator : Generating unique operation named: addOrderUsingPOST_1
2021-04-13 09:06:42.908  INFO 15734 --- [main] o.s.b.w.embedded.tomcat.TomcatWebServer  : Tomcat started on port(s): 8080 (http) with context path ''
2021-04-13 09:06:42.910  INFO 15734 --- [main] pl.goreit.blog.GoreIT                    : Started GoreIT in 3.78 seconds (JVM running for 4.028)
2021-04-13 09:06:44.180  INFO 15734 --- [http-nio-8080-exec-1] o.a.c.c.C.[Tomcat].[localhost].[/]       : Initializing Spring DispatcherServlet 'dispatcherServlet'
2021-04-13 09:06:44.181  INFO 15734 --- [http-nio-8080-exec-1] o.s.web.servlet.DispatcherServlet        : Initializing Servlet 'dispatcherServlet'
2021-04-13 09:06:44.185  INFO 15734 --- [http-nio-8080-exec-1] o.s.web.servlet.DispatcherServlet        : Completed initialization in 4 ms
2021-04-13 09:06:44.613  WARN 15734 --- [http-nio-8080-exec-3] o.s.web.servlet.PageNotFound             : No mapping for GET /
2021-04-13 09:06:44.634  WARN 15734 --- [http-nio-8080-exec-5] o.s.web.servlet.PageNotFound             : No mapping for GET /csrf
2021-04-13 09:09:32.392  INFO 17105 --- [main] pl.goreit.blog.GoreIT                    : Starting GoreIT on goreit-pc with PID 17105 (/home/goreit/projects/gworkshop/build/classes/java/main started by goreit in /home/goreit/projects/gworkshop)
2021-04-13 09:09:32.394  INFO 17105 --- [main] pl.goreit.blog.GoreIT                    : The following profiles are active: local
2021-04-13 09:09:33.043  INFO 17105 --- [main] .s.d.r.c.RepositoryConfigurationDelegate : Multiple Spring Data modules found, entering strict repository configuration mode!
2021-04-13 09:09:33.044  INFO 17105 --- [main] .s.d.r.c.RepositoryConfigurationDelegate : Bootstrapping Spring Data MongoDB repositories in DEFAULT mode.
2021-04-13 09:09:33.091  INFO 17105 --- [main] .s.d.r.c.RepositoryConfigurationDelegate : Finished Spring Data repository scanning in 44ms. Found 6 MongoDB repository interfaces.
2021-04-13 09:09:33.097  INFO 17105 --- [main] .s.d.r.c.RepositoryConfigurationDelegate : Multiple Spring Data modules found, entering strict repository configuration mode!
2021-04-13 09:09:33.097  INFO 17105 --- [main] .s.d.r.c.RepositoryConfigurationDelegate : Bootstrapping Spring Data Solr repositories in DEFAULT mode.
2021-04-13 09:09:33.108  INFO 17105 --- [main] .RepositoryConfigurationExtensionSupport : Spring Data Solr - Could not safely identify store assignment for repository candidate interface pl.goreit.blog.infrastructure.mongo.AccountRepo. If you want this repository to be a Solr repository, consider annotating your entities with one of these annotations: org.springframework.data.solr.core.mapping.SolrDocument (preferred), or consider extending one of the following types with your repository: org.springframework.data.solr.repository.SolrRepository, org.springframework.data.solr.repository.SolrCrudRepository.
2021-04-13 09:09:33.108  INFO 17105 --- [main] .RepositoryConfigurationExtensionSupport : Spring Data Solr - Could not safely identify store assignment for repository candidate interface pl.goreit.blog.infrastructure.mongo.MessageRepo. If you want this repository to be a Solr repository, consider annotating your entities with one of these annotations: org.springframework.data.solr.core.mapping.SolrDocument (preferred), or consider extending one of the following types with your repository: org.springframework.data.solr.repository.SolrRepository, org.springframework.data.solr.repository.SolrCrudRepository.
2021-04-13 09:09:33.109  INFO 17105 --- [main] .RepositoryConfigurationExtensionSupport : Spring Data Solr - Could not safely identify store assignment for repository candidate interface pl.goreit.blog.infrastructure.mongo.OrderRepo. If you want this repository to be a Solr repository, consider annotating your entities with one of these annotations: org.springframework.data.solr.core.mapping.SolrDocument (preferred), or consider extending one of the following types with your repository: org.springframework.data.solr.repository.SolrRepository, org.springframework.data.solr.repository.SolrCrudRepository.
2021-04-13 09:09:33.109  INFO 17105 --- [main] .RepositoryConfigurationExtensionSupport : Spring Data Solr - Could not safely identify store assignment for repository candidate interface pl.goreit.blog.infrastructure.mongo.PhotoAlbumRepo. If you want this repository to be a Solr repository, consider annotating your entities with one of these annotations: org.springframework.data.solr.core.mapping.SolrDocument (preferred), or consider extending one of the following types with your repository: org.springframework.data.solr.repository.SolrRepository, org.springframework.data.solr.repository.SolrCrudRepository.
2021-04-13 09:09:33.109  INFO 17105 --- [main] .RepositoryConfigurationExtensionSupport : Spring Data Solr - Could not safely identify store assignment for repository candidate interface pl.goreit.blog.infrastructure.mongo.ProductRepo. If you want this repository to be a Solr repository, consider annotating your entities with one of these annotations: org.springframework.data.solr.core.mapping.SolrDocument (preferred), or consider extending one of the following types with your repository: org.springframework.data.solr.repository.SolrRepository, org.springframework.data.solr.repository.SolrCrudRepository.
2021-04-13 09:09:33.110  INFO 17105 --- [main] .RepositoryConfigurationExtensionSupport : Spring Data Solr - Could not safely identify store assignment for repository candidate interface pl.goreit.blog.infrastructure.mongo.WorkshopRepo. If you want this repository to be a Solr repository, consider annotating your entities with one of these annotations: org.springframework.data.solr.core.mapping.SolrDocument (preferred), or consider extending one of the following types with your repository: org.springframework.data.solr.repository.SolrRepository, org.springframework.data.solr.repository.SolrCrudRepository.
2021-04-13 09:09:33.110  INFO 17105 --- [main] .s.d.r.c.RepositoryConfigurationDelegate : Finished Spring Data repository scanning in 9ms. Found 0 Solr repository interfaces.
2021-04-13 09:09:33.685  INFO 17105 --- [main] o.s.b.w.embedded.tomcat.TomcatWebServer  : Tomcat initialized with port(s): 8080 (http)
2021-04-13 09:09:33.694  INFO 17105 --- [main] o.apache.catalina.core.StandardService   : Starting service [Tomcat]
2021-04-13 09:09:33.695  INFO 17105 --- [main] org.apache.catalina.core.StandardEngine  : Starting Servlet engine: [Apache Tomcat/9.0.31]
2021-04-13 09:09:33.742  INFO 17105 --- [main] o.a.c.c.C.[Tomcat].[localhost].[/]       : Initializing Spring embedded WebApplicationContext
2021-04-13 09:09:33.742  INFO 17105 --- [main] o.s.web.context.ContextLoader            : Root WebApplicationContext: initialization completed in 1317 ms
2021-04-13 09:09:34.042  INFO 17105 --- [main] org.mongodb.driver.cluster               : Cluster created with settings {hosts=[localhost:27017], mode=MULTIPLE, requiredClusterType=UNKNOWN, serverSelectionTimeout='30000 ms', maxWaitQueueSize=500}
2021-04-13 09:09:34.042  INFO 17105 --- [main] org.mongodb.driver.cluster               : Adding discovered server localhost:27017 to client view of cluster
2021-04-13 09:09:34.082  INFO 17105 --- [cluster-ClusterId{value='607543ae671ea02b03c51e15', description='null'}-localhost:27017] org.mongodb.driver.connection            : Opened connection [connectionId{localValue:1, serverValue:5}] to localhost:27017
2021-04-13 09:09:34.084  INFO 17105 --- [cluster-ClusterId{value='607543ae671ea02b03c51e15', description='null'}-localhost:27017] org.mongodb.driver.cluster               : Monitor thread successfully connected to server with description ServerDescription{address=localhost:27017, type=STANDALONE, state=CONNECTED, ok=true, version=ServerVersion{versionList=[4, 0, 0]}, minWireVersion=0, maxWireVersion=7, maxDocumentSize=16777216, logicalSessionTimeoutMinutes=30, roundTripTimeNanos=1888586}
2021-04-13 09:09:34.085  INFO 17105 --- [cluster-ClusterId{value='607543ae671ea02b03c51e15', description='null'}-localhost:27017] org.mongodb.driver.cluster               : Discovered cluster type of STANDALONE
2021-04-13 09:09:34.207  WARN 17105 --- [main] .m.c.i.MongoPersistentEntityIndexCreator : Automatic index creation will be disabled by default as of Spring Data MongoDB 3.x.
	Please use 'MongoMappingContext#setAutoIndexCreation(boolean)' or override 'MongoConfigurationSupport#autoIndexCreation()' to be explicit.
	However, we recommend setting up indices manually in an application ready block. You may use index derivation there as well.

	> -----------------------------------------------------------------------------------------
	> @EventListener(ApplicationReadyEvent.class)
	> public void initIndicesAfterStartup() {
	>
	>     IndexOperations indexOps = mongoTemplate.indexOps(DomainType.class);
	>
	>     IndexResolver resolver = new MongoPersistentEntityIndexResolver(mongoMappingContext);
	>     resolver.resolveIndexFor(DomainType.class).forEach(indexOps::ensureIndex);
	> }
	> -----------------------------------------------------------------------------------------

2021-04-13 09:09:34.307  INFO 17105 --- [main] org.mongodb.driver.connection            : Opened connection [connectionId{localValue:2, serverValue:6}] to localhost:27017
2021-04-13 09:09:35.159  INFO 17105 --- [main] o.s.b.a.e.web.EndpointLinksResolver      : Exposing 2 endpoint(s) beneath base path '/actuator'
2021-04-13 09:09:35.238  INFO 17105 --- [main] pertySourcedRequestMappingHandlerMapping : Mapped URL path [/v2/api-docs] onto method [springfox.documentation.swagger2.web.Swagger2Controller#getDocumentation(String, HttpServletRequest)]
2021-04-13 09:09:35.343  INFO 17105 --- [main] o.s.s.web.DefaultSecurityFilterChain     : Creating filter chain: any request, [org.springframework.security.web.context.request.async.WebAsyncManagerIntegrationFilter@6cc8da1c, org.springframework.security.web.context.SecurityContextPersistenceFilter@44976b08, org.springframework.security.web.header.HeaderWriterFilter@d76099a, org.springframework.security.web.authentication.logout.LogoutFilter@393ae7a0, org.springframework.security.web.authentication.www.BasicAuthenticationFilter@1bbb42b4, org.springframework.security.web.savedrequest.RequestCacheAwareFilter@20890a1a, org.springframework.security.web.servletapi.SecurityContextHolderAwareRequestFilter@100eeedc, org.springframework.security.web.authentication.AnonymousAuthenticationFilter@39a3984c, org.springframework.security.web.session.SessionManagementFilter@252c6cdb, org.springframework.security.web.access.ExceptionTranslationFilter@f48a080, org.springframework.security.web.access.intercept.FilterSecurityInterceptor@fd4459b]
2021-04-13 09:09:35.352  INFO 17105 --- [main] o.s.s.c.ThreadPoolTaskScheduler          : Initializing ExecutorService 'threadPoolTaskScheduler'
2021-04-13 09:09:35.559  INFO 17105 --- [main] d.s.w.p.DocumentationPluginsBootstrapper : Context refreshed
2021-04-13 09:09:35.572  INFO 17105 --- [main] d.s.w.p.DocumentationPluginsBootstrapper : Found 1 custom documentation plugin(s)
2021-04-13 09:09:35.595  INFO 17105 --- [main] s.d.s.w.s.ApiListingReferenceScanner     : Scanning for api listing references
2021-04-13 09:09:35.834  INFO 17105 --- [main] .d.s.w.r.o.CachingOperationNameGenerator : Generating unique operation named: handleUsingGET_1
2021-04-13 09:09:35.836  INFO 17105 --- [main] .d.s.w.r.o.CachingOperationNameGenerator : Generating unique operation named: handleUsingGET_2
2021-04-13 09:09:35.874  INFO 17105 --- [main] .d.s.w.r.o.CachingOperationNameGenerator : Generating unique operation named: addOrderUsingPOST_1
2021-04-13 09:09:35.934  INFO 17105 --- [main] o.s.b.w.embedded.tomcat.TomcatWebServer  : Tomcat started on port(s): 8080 (http) with context path ''
2021-04-13 09:09:35.936  INFO 17105 --- [main] pl.goreit.blog.GoreIT                    : Started GoreIT in 3.836 seconds (JVM running for 4.07)
2021-04-13 09:09:36.130  INFO 17105 --- [http-nio-8080-exec-1] o.a.c.c.C.[Tomcat].[localhost].[/]       : Initializing Spring DispatcherServlet 'dispatcherServlet'
2021-04-13 09:09:36.130  INFO 17105 --- [http-nio-8080-exec-1] o.s.web.servlet.DispatcherServlet        : Initializing Servlet 'dispatcherServlet'
2021-04-13 09:09:36.137  INFO 17105 --- [http-nio-8080-exec-1] o.s.web.servlet.DispatcherServlet        : Completed initialization in 7 ms
2021-04-13 09:09:36.703  WARN 17105 --- [http-nio-8080-exec-9] o.s.web.servlet.PageNotFound             : No mapping for GET /
2021-04-13 09:09:36.722  WARN 17105 --- [http-nio-8080-exec-10] o.s.web.servlet.PageNotFound             : No mapping for GET /csrf
2021-04-13 09:10:47.061  INFO 17683 --- [main] pl.goreit.blog.GoreIT                    : Starting GoreIT on goreit-pc with PID 17683 (/home/goreit/projects/gworkshop/build/classes/java/main started by goreit in /home/goreit/projects/gworkshop)
2021-04-13 09:10:47.062  INFO 17683 --- [main] pl.goreit.blog.GoreIT                    : The following profiles are active: local
2021-04-13 09:10:47.733  INFO 17683 --- [main] .s.d.r.c.RepositoryConfigurationDelegate : Multiple Spring Data modules found, entering strict repository configuration mode!
2021-04-13 09:10:47.733  INFO 17683 --- [main] .s.d.r.c.RepositoryConfigurationDelegate : Bootstrapping Spring Data MongoDB repositories in DEFAULT mode.
2021-04-13 09:10:47.781  INFO 17683 --- [main] .s.d.r.c.RepositoryConfigurationDelegate : Finished Spring Data repository scanning in 45ms. Found 6 MongoDB repository interfaces.
2021-04-13 09:10:47.787  INFO 17683 --- [main] .s.d.r.c.RepositoryConfigurationDelegate : Multiple Spring Data modules found, entering strict repository configuration mode!
2021-04-13 09:10:47.787  INFO 17683 --- [main] .s.d.r.c.RepositoryConfigurationDelegate : Bootstrapping Spring Data Solr repositories in DEFAULT mode.
2021-04-13 09:10:47.798  INFO 17683 --- [main] .RepositoryConfigurationExtensionSupport : Spring Data Solr - Could not safely identify store assignment for repository candidate interface pl.goreit.blog.infrastructure.mongo.AccountRepo. If you want this repository to be a Solr repository, consider annotating your entities with one of these annotations: org.springframework.data.solr.core.mapping.SolrDocument (preferred), or consider extending one of the following types with your repository: org.springframework.data.solr.repository.SolrRepository, org.springframework.data.solr.repository.SolrCrudRepository.
2021-04-13 09:10:47.799  INFO 17683 --- [main] .RepositoryConfigurationExtensionSupport : Spring Data Solr - Could not safely identify store assignment for repository candidate interface pl.goreit.blog.infrastructure.mongo.MessageRepo. If you want this repository to be a Solr repository, consider annotating your entities with one of these annotations: org.springframework.data.solr.core.mapping.SolrDocument (preferred), or consider extending one of the following types with your repository: org.springframework.data.solr.repository.SolrRepository, org.springframework.data.solr.repository.SolrCrudRepository.
2021-04-13 09:10:47.800  INFO 17683 --- [main] .RepositoryConfigurationExtensionSupport : Spring Data Solr - Could not safely identify store assignment for repository candidate interface pl.goreit.blog.infrastructure.mongo.OrderRepo. If you want this repository to be a Solr repository, consider annotating your entities with one of these annotations: org.springframework.data.solr.core.mapping.SolrDocument (preferred), or consider extending one of the following types with your repository: org.springframework.data.solr.repository.SolrRepository, org.springframework.data.solr.repository.SolrCrudRepository.
2021-04-13 09:10:47.801  INFO 17683 --- [main] .RepositoryConfigurationExtensionSupport : Spring Data Solr - Could not safely identify store assignment for repository candidate interface pl.goreit.blog.infrastructure.mongo.PhotoAlbumRepo. If you want this repository to be a Solr repository, consider annotating your entities with one of these annotations: org.springframework.data.solr.core.mapping.SolrDocument (preferred), or consider extending one of the following types with your repository: org.springframework.data.solr.repository.SolrRepository, org.springframework.data.solr.repository.SolrCrudRepository.
2021-04-13 09:10:47.801  INFO 17683 --- [main] .RepositoryConfigurationExtensionSupport : Spring Data Solr - Could not safely identify store assignment for repository candidate interface pl.goreit.blog.infrastructure.mongo.ProductRepo. If you want this repository to be a Solr repository, consider annotating your entities with one of these annotations: org.springframework.data.solr.core.mapping.SolrDocument (preferred), or consider extending one of the following types with your repository: org.springframework.data.solr.repository.SolrRepository, org.springframework.data.solr.repository.SolrCrudRepository.
2021-04-13 09:10:47.802  INFO 17683 --- [main] .RepositoryConfigurationExtensionSupport : Spring Data Solr - Could not safely identify store assignment for repository candidate interface pl.goreit.blog.infrastructure.mongo.WorkshopRepo. If you want this repository to be a Solr repository, consider annotating your entities with one of these annotations: org.springframework.data.solr.core.mapping.SolrDocument (preferred), or consider extending one of the following types with your repository: org.springframework.data.solr.repository.SolrRepository, org.springframework.data.solr.repository.SolrCrudRepository.
2021-04-13 09:10:47.802  INFO 17683 --- [main] .s.d.r.c.RepositoryConfigurationDelegate : Finished Spring Data repository scanning in 11ms. Found 0 Solr repository interfaces.
2021-04-13 09:10:48.463  INFO 17683 --- [main] o.s.b.w.embedded.tomcat.TomcatWebServer  : Tomcat initialized with port(s): 8080 (http)
2021-04-13 09:10:48.470  INFO 17683 --- [main] o.apache.catalina.core.StandardService   : Starting service [Tomcat]
2021-04-13 09:10:48.470  INFO 17683 --- [main] org.apache.catalina.core.StandardEngine  : Starting Servlet engine: [Apache Tomcat/9.0.31]
2021-04-13 09:10:48.516  INFO 17683 --- [main] o.a.c.c.C.[Tomcat].[localhost].[/]       : Initializing Spring embedded WebApplicationContext
2021-04-13 09:10:48.517  INFO 17683 --- [main] o.s.web.context.ContextLoader            : Root WebApplicationContext: initialization completed in 1426 ms
2021-04-13 09:10:48.831  INFO 17683 --- [main] org.mongodb.driver.cluster               : Cluster created with settings {hosts=[localhost:27017], mode=MULTIPLE, requiredClusterType=UNKNOWN, serverSelectionTimeout='30000 ms', maxWaitQueueSize=500}
2021-04-13 09:10:48.832  INFO 17683 --- [main] org.mongodb.driver.cluster               : Adding discovered server localhost:27017 to client view of cluster
2021-04-13 09:10:48.880  INFO 17683 --- [cluster-ClusterId{value='607543f832377244477ca548', description='null'}-localhost:27017] org.mongodb.driver.connection            : Opened connection [connectionId{localValue:1, serverValue:7}] to localhost:27017
2021-04-13 09:10:48.884  INFO 17683 --- [cluster-ClusterId{value='607543f832377244477ca548', description='null'}-localhost:27017] org.mongodb.driver.cluster               : Monitor thread successfully connected to server with description ServerDescription{address=localhost:27017, type=STANDALONE, state=CONNECTED, ok=true, version=ServerVersion{versionList=[4, 0, 0]}, minWireVersion=0, maxWireVersion=7, maxDocumentSize=16777216, logicalSessionTimeoutMinutes=30, roundTripTimeNanos=2175933}
2021-04-13 09:10:48.884  INFO 17683 --- [cluster-ClusterId{value='607543f832377244477ca548', description='null'}-localhost:27017] org.mongodb.driver.cluster               : Discovered cluster type of STANDALONE
2021-04-13 09:10:49.026  WARN 17683 --- [main] .m.c.i.MongoPersistentEntityIndexCreator : Automatic index creation will be disabled by default as of Spring Data MongoDB 3.x.
	Please use 'MongoMappingContext#setAutoIndexCreation(boolean)' or override 'MongoConfigurationSupport#autoIndexCreation()' to be explicit.
	However, we recommend setting up indices manually in an application ready block. You may use index derivation there as well.

	> -----------------------------------------------------------------------------------------
	> @EventListener(ApplicationReadyEvent.class)
	> public void initIndicesAfterStartup() {
	>
	>     IndexOperations indexOps = mongoTemplate.indexOps(DomainType.class);
	>
	>     IndexResolver resolver = new MongoPersistentEntityIndexResolver(mongoMappingContext);
	>     resolver.resolveIndexFor(DomainType.class).forEach(indexOps::ensureIndex);
	> }
	> -----------------------------------------------------------------------------------------

2021-04-13 09:10:49.166  INFO 17683 --- [main] org.mongodb.driver.connection            : Opened connection [connectionId{localValue:2, serverValue:8}] to localhost:27017
2021-04-13 09:10:50.084  INFO 17683 --- [main] o.s.b.a.e.web.EndpointLinksResolver      : Exposing 2 endpoint(s) beneath base path '/actuator'
2021-04-13 09:10:50.139  INFO 17683 --- [main] pertySourcedRequestMappingHandlerMapping : Mapped URL path [/v2/api-docs] onto method [springfox.documentation.swagger2.web.Swagger2Controller#getDocumentation(String, HttpServletRequest)]
2021-04-13 09:10:50.244  INFO 17683 --- [main] o.s.s.web.DefaultSecurityFilterChain     : Creating filter chain: any request, [org.springframework.security.web.context.request.async.WebAsyncManagerIntegrationFilter@59371066, org.springframework.security.web.context.SecurityContextPersistenceFilter@6076c66, org.springframework.security.web.header.HeaderWriterFilter@71fb8301, org.springframework.security.web.authentication.logout.LogoutFilter@401ec794, org.springframework.security.web.authentication.www.BasicAuthenticationFilter@38dbeb39, org.springframework.security.web.savedrequest.RequestCacheAwareFilter@1224e1b6, org.springframework.security.web.servletapi.SecurityContextHolderAwareRequestFilter@20faaf77, org.springframework.security.web.authentication.AnonymousAuthenticationFilter@48106381, org.springframework.security.web.session.SessionManagementFilter@2f99d8c, org.springframework.security.web.access.ExceptionTranslationFilter@44492c06, org.springframework.security.web.access.intercept.FilterSecurityInterceptor@cf10c92]
2021-04-13 09:10:50.251  INFO 17683 --- [main] o.s.s.c.ThreadPoolTaskScheduler          : Initializing ExecutorService 'threadPoolTaskScheduler'
2021-04-13 09:10:50.472  INFO 17683 --- [main] d.s.w.p.DocumentationPluginsBootstrapper : Context refreshed
2021-04-13 09:10:50.485  INFO 17683 --- [main] d.s.w.p.DocumentationPluginsBootstrapper : Found 1 custom documentation plugin(s)
2021-04-13 09:10:50.509  INFO 17683 --- [main] s.d.s.w.s.ApiListingReferenceScanner     : Scanning for api listing references
2021-04-13 09:10:50.741  INFO 17683 --- [main] .d.s.w.r.o.CachingOperationNameGenerator : Generating unique operation named: handleUsingGET_1
2021-04-13 09:10:50.742  INFO 17683 --- [main] .d.s.w.r.o.CachingOperationNameGenerator : Generating unique operation named: handleUsingGET_2
2021-04-13 09:10:50.779  INFO 17683 --- [main] .d.s.w.r.o.CachingOperationNameGenerator : Generating unique operation named: addOrderUsingPOST_1
2021-04-13 09:10:50.841  INFO 17683 --- [main] o.s.b.w.embedded.tomcat.TomcatWebServer  : Tomcat started on port(s): 8080 (http) with context path ''
2021-04-13 09:10:50.842  INFO 17683 --- [main] pl.goreit.blog.GoreIT                    : Started GoreIT in 4.099 seconds (JVM running for 4.343)
2021-04-13 09:10:50.985  INFO 17683 --- [http-nio-8080-exec-2] o.a.c.c.C.[Tomcat].[localhost].[/]       : Initializing Spring DispatcherServlet 'dispatcherServlet'
2021-04-13 09:10:50.985  INFO 17683 --- [http-nio-8080-exec-2] o.s.web.servlet.DispatcherServlet        : Initializing Servlet 'dispatcherServlet'
2021-04-13 09:10:50.990  INFO 17683 --- [http-nio-8080-exec-2] o.s.web.servlet.DispatcherServlet        : Completed initialization in 5 ms
2021-04-13 09:10:51.478  WARN 17683 --- [http-nio-8080-exec-3] o.s.web.servlet.PageNotFound             : No mapping for GET /
2021-04-13 09:10:51.496  WARN 17683 --- [http-nio-8080-exec-5] o.s.web.servlet.PageNotFound             : No mapping for GET /csrf
2021-04-13 09:10:52.905  WARN 17683 --- [http-nio-8080-exec-3] o.s.web.servlet.PageNotFound             : No mapping for GET /
2021-04-13 09:10:52.914  WARN 17683 --- [http-nio-8080-exec-2] o.s.web.servlet.PageNotFound             : No mapping for GET /csrf
2021-04-13 09:13:12.141  INFO 18506 --- [main] pl.goreit.blog.GoreIT                    : Starting GoreIT on goreit-pc with PID 18506 (/home/goreit/projects/gworkshop/build/classes/java/main started by goreit in /home/goreit/projects/gworkshop)
2021-04-13 09:13:12.144  INFO 18506 --- [main] pl.goreit.blog.GoreIT                    : The following profiles are active: local
2021-04-13 09:13:12.754  INFO 18506 --- [main] .s.d.r.c.RepositoryConfigurationDelegate : Multiple Spring Data modules found, entering strict repository configuration mode!
2021-04-13 09:13:12.755  INFO 18506 --- [main] .s.d.r.c.RepositoryConfigurationDelegate : Bootstrapping Spring Data MongoDB repositories in DEFAULT mode.
2021-04-13 09:13:12.803  INFO 18506 --- [main] .s.d.r.c.RepositoryConfigurationDelegate : Finished Spring Data repository scanning in 44ms. Found 6 MongoDB repository interfaces.
2021-04-13 09:13:12.807  INFO 18506 --- [main] .s.d.r.c.RepositoryConfigurationDelegate : Multiple Spring Data modules found, entering strict repository configuration mode!
2021-04-13 09:13:12.807  INFO 18506 --- [main] .s.d.r.c.RepositoryConfigurationDelegate : Bootstrapping Spring Data Solr repositories in DEFAULT mode.
2021-04-13 09:13:12.815  INFO 18506 --- [main] .RepositoryConfigurationExtensionSupport : Spring Data Solr - Could not safely identify store assignment for repository candidate interface pl.goreit.blog.infrastructure.mongo.AccountRepo. If you want this repository to be a Solr repository, consider annotating your entities with one of these annotations: org.springframework.data.solr.core.mapping.SolrDocument (preferred), or consider extending one of the following types with your repository: org.springframework.data.solr.repository.SolrRepository, org.springframework.data.solr.repository.SolrCrudRepository.
2021-04-13 09:13:12.816  INFO 18506 --- [main] .RepositoryConfigurationExtensionSupport : Spring Data Solr - Could not safely identify store assignment for repository candidate interface pl.goreit.blog.infrastructure.mongo.MessageRepo. If you want this repository to be a Solr repository, consider annotating your entities with one of these annotations: org.springframework.data.solr.core.mapping.SolrDocument (preferred), or consider extending one of the following types with your repository: org.springframework.data.solr.repository.SolrRepository, org.springframework.data.solr.repository.SolrCrudRepository.
2021-04-13 09:13:12.816  INFO 18506 --- [main] .RepositoryConfigurationExtensionSupport : Spring Data Solr - Could not safely identify store assignment for repository candidate interface pl.goreit.blog.infrastructure.mongo.OrderRepo. If you want this repository to be a Solr repository, consider annotating your entities with one of these annotations: org.springframework.data.solr.core.mapping.SolrDocument (preferred), or consider extending one of the following types with your repository: org.springframework.data.solr.repository.SolrRepository, org.springframework.data.solr.repository.SolrCrudRepository.
2021-04-13 09:13:12.817  INFO 18506 --- [main] .RepositoryConfigurationExtensionSupport : Spring Data Solr - Could not safely identify store assignment for repository candidate interface pl.goreit.blog.infrastructure.mongo.PhotoAlbumRepo. If you want this repository to be a Solr repository, consider annotating your entities with one of these annotations: org.springframework.data.solr.core.mapping.SolrDocument (preferred), or consider extending one of the following types with your repository: org.springframework.data.solr.repository.SolrRepository, org.springframework.data.solr.repository.SolrCrudRepository.
2021-04-13 09:13:12.817  INFO 18506 --- [main] .RepositoryConfigurationExtensionSupport : Spring Data Solr - Could not safely identify store assignment for repository candidate interface pl.goreit.blog.infrastructure.mongo.ProductRepo. If you want this repository to be a Solr repository, consider annotating your entities with one of these annotations: org.springframework.data.solr.core.mapping.SolrDocument (preferred), or consider extending one of the following types with your repository: org.springframework.data.solr.repository.SolrRepository, org.springframework.data.solr.repository.SolrCrudRepository.
2021-04-13 09:13:12.817  INFO 18506 --- [main] .RepositoryConfigurationExtensionSupport : Spring Data Solr - Could not safely identify store assignment for repository candidate interface pl.goreit.blog.infrastructure.mongo.WorkshopRepo. If you want this repository to be a Solr repository, consider annotating your entities with one of these annotations: org.springframework.data.solr.core.mapping.SolrDocument (preferred), or consider extending one of the following types with your repository: org.springframework.data.solr.repository.SolrRepository, org.springframework.data.solr.repository.SolrCrudRepository.
2021-04-13 09:13:12.818  INFO 18506 --- [main] .s.d.r.c.RepositoryConfigurationDelegate : Finished Spring Data repository scanning in 6ms. Found 0 Solr repository interfaces.
2021-04-13 09:13:13.407  INFO 18506 --- [main] o.s.b.w.embedded.tomcat.TomcatWebServer  : Tomcat initialized with port(s): 8080 (http)
2021-04-13 09:13:13.414  INFO 18506 --- [main] o.apache.catalina.core.StandardService   : Starting service [Tomcat]
2021-04-13 09:13:13.415  INFO 18506 --- [main] org.apache.catalina.core.StandardEngine  : Starting Servlet engine: [Apache Tomcat/9.0.31]
2021-04-13 09:13:13.463  INFO 18506 --- [main] o.a.c.c.C.[Tomcat].[localhost].[/]       : Initializing Spring embedded WebApplicationContext
2021-04-13 09:13:13.464  INFO 18506 --- [main] o.s.web.context.ContextLoader            : Root WebApplicationContext: initialization completed in 1290 ms
2021-04-13 09:13:13.785  INFO 18506 --- [main] org.mongodb.driver.cluster               : Cluster created with settings {hosts=[localhost:27017], mode=MULTIPLE, requiredClusterType=UNKNOWN, serverSelectionTimeout='30000 ms', maxWaitQueueSize=500}
2021-04-13 09:13:13.785  INFO 18506 --- [main] org.mongodb.driver.cluster               : Adding discovered server localhost:27017 to client view of cluster
2021-04-13 09:13:13.828  INFO 18506 --- [cluster-ClusterId{value='6075448943d97f0bc00a9334', description='null'}-localhost:27017] org.mongodb.driver.connection            : Opened connection [connectionId{localValue:1, serverValue:9}] to localhost:27017
2021-04-13 09:13:13.831  INFO 18506 --- [cluster-ClusterId{value='6075448943d97f0bc00a9334', description='null'}-localhost:27017] org.mongodb.driver.cluster               : Monitor thread successfully connected to server with description ServerDescription{address=localhost:27017, type=STANDALONE, state=CONNECTED, ok=true, version=ServerVersion{versionList=[4, 0, 0]}, minWireVersion=0, maxWireVersion=7, maxDocumentSize=16777216, logicalSessionTimeoutMinutes=30, roundTripTimeNanos=1892333}
2021-04-13 09:13:13.831  INFO 18506 --- [cluster-ClusterId{value='6075448943d97f0bc00a9334', description='null'}-localhost:27017] org.mongodb.driver.cluster               : Discovered cluster type of STANDALONE
2021-04-13 09:13:13.952  WARN 18506 --- [main] .m.c.i.MongoPersistentEntityIndexCreator : Automatic index creation will be disabled by default as of Spring Data MongoDB 3.x.
	Please use 'MongoMappingContext#setAutoIndexCreation(boolean)' or override 'MongoConfigurationSupport#autoIndexCreation()' to be explicit.
	However, we recommend setting up indices manually in an application ready block. You may use index derivation there as well.

	> -----------------------------------------------------------------------------------------
	> @EventListener(ApplicationReadyEvent.class)
	> public void initIndicesAfterStartup() {
	>
	>     IndexOperations indexOps = mongoTemplate.indexOps(DomainType.class);
	>
	>     IndexResolver resolver = new MongoPersistentEntityIndexResolver(mongoMappingContext);
	>     resolver.resolveIndexFor(DomainType.class).forEach(indexOps::ensureIndex);
	> }
	> -----------------------------------------------------------------------------------------

2021-04-13 09:13:14.035  INFO 18506 --- [main] org.mongodb.driver.connection            : Opened connection [connectionId{localValue:2, serverValue:10}] to localhost:27017
2021-04-13 09:13:14.865  INFO 18506 --- [main] o.s.b.a.e.web.EndpointLinksResolver      : Exposing 2 endpoint(s) beneath base path '/actuator'
2021-04-13 09:13:14.917  INFO 18506 --- [main] pertySourcedRequestMappingHandlerMapping : Mapped URL path [/v2/api-docs] onto method [springfox.documentation.swagger2.web.Swagger2Controller#getDocumentation(String, HttpServletRequest)]
2021-04-13 09:13:15.007  INFO 18506 --- [main] o.s.s.web.DefaultSecurityFilterChain     : Creating filter chain: any request, [org.springframework.security.web.context.request.async.WebAsyncManagerIntegrationFilter@44492c06, org.springframework.security.web.context.SecurityContextPersistenceFilter@15e5246, org.springframework.security.web.header.HeaderWriterFilter@1760e594, org.springframework.security.web.authentication.logout.LogoutFilter@72f3f14c, org.springframework.security.web.authentication.www.BasicAuthenticationFilter@4db728df, org.springframework.security.web.savedrequest.RequestCacheAwareFilter@3c9e19de, org.springframework.security.web.servletapi.SecurityContextHolderAwareRequestFilter@2299d903, org.springframework.security.web.authentication.AnonymousAuthenticationFilter@5c4714ef, org.springframework.security.web.session.SessionManagementFilter@224e6e88, org.springframework.security.web.access.ExceptionTranslationFilter@3f3c5ecd, org.springframework.security.web.access.intercept.FilterSecurityInterceptor@6851b296]
2021-04-13 09:13:15.017  INFO 18506 --- [main] o.s.s.c.ThreadPoolTaskScheduler          : Initializing ExecutorService 'threadPoolTaskScheduler'
2021-04-13 09:13:15.215  INFO 18506 --- [main] d.s.w.p.DocumentationPluginsBootstrapper : Context refreshed
2021-04-13 09:13:15.228  INFO 18506 --- [main] d.s.w.p.DocumentationPluginsBootstrapper : Found 1 custom documentation plugin(s)
2021-04-13 09:13:15.251  INFO 18506 --- [main] s.d.s.w.s.ApiListingReferenceScanner     : Scanning for api listing references
2021-04-13 09:13:15.449  INFO 18506 --- [main] .d.s.w.r.o.CachingOperationNameGenerator : Generating unique operation named: handleUsingGET_1
2021-04-13 09:13:15.451  INFO 18506 --- [main] .d.s.w.r.o.CachingOperationNameGenerator : Generating unique operation named: handleUsingGET_2
2021-04-13 09:13:15.478  INFO 18506 --- [main] .d.s.w.r.o.CachingOperationNameGenerator : Generating unique operation named: addOrderUsingPOST_1
2021-04-13 09:13:15.522  INFO 18506 --- [main] o.s.b.w.embedded.tomcat.TomcatWebServer  : Tomcat started on port(s): 8080 (http) with context path ''
2021-04-13 09:13:15.523  INFO 18506 --- [main] pl.goreit.blog.GoreIT                    : Started GoreIT in 3.673 seconds (JVM running for 3.905)
2021-04-13 09:13:18.119  INFO 18506 --- [http-nio-8080-exec-2] o.a.c.c.C.[Tomcat].[localhost].[/]       : Initializing Spring DispatcherServlet 'dispatcherServlet'
2021-04-13 09:13:18.119  INFO 18506 --- [http-nio-8080-exec-2] o.s.web.servlet.DispatcherServlet        : Initializing Servlet 'dispatcherServlet'
2021-04-13 09:13:18.124  INFO 18506 --- [http-nio-8080-exec-2] o.s.web.servlet.DispatcherServlet        : Completed initialization in 5 ms
2021-04-13 09:16:18.763  INFO 19433 --- [main] pl.goreit.blog.GoreIT                    : Starting GoreIT on goreit-pc with PID 19433 (/home/goreit/projects/gworkshop/build/classes/java/main started by goreit in /home/goreit/projects/gworkshop)
2021-04-13 09:16:18.765  INFO 19433 --- [main] pl.goreit.blog.GoreIT                    : The following profiles are active: local
2021-04-13 09:16:19.401  INFO 19433 --- [main] .s.d.r.c.RepositoryConfigurationDelegate : Multiple Spring Data modules found, entering strict repository configuration mode!
2021-04-13 09:16:19.402  INFO 19433 --- [main] .s.d.r.c.RepositoryConfigurationDelegate : Bootstrapping Spring Data MongoDB repositories in DEFAULT mode.
2021-04-13 09:16:19.449  INFO 19433 --- [main] .s.d.r.c.RepositoryConfigurationDelegate : Finished Spring Data repository scanning in 44ms. Found 6 MongoDB repository interfaces.
2021-04-13 09:16:19.453  INFO 19433 --- [main] .s.d.r.c.RepositoryConfigurationDelegate : Multiple Spring Data modules found, entering strict repository configuration mode!
2021-04-13 09:16:19.453  INFO 19433 --- [main] .s.d.r.c.RepositoryConfigurationDelegate : Bootstrapping Spring Data Solr repositories in DEFAULT mode.
2021-04-13 09:16:19.462  INFO 19433 --- [main] .RepositoryConfigurationExtensionSupport : Spring Data Solr - Could not safely identify store assignment for repository candidate interface pl.goreit.blog.infrastructure.mongo.AccountRepo. If you want this repository to be a Solr repository, consider annotating your entities with one of these annotations: org.springframework.data.solr.core.mapping.SolrDocument (preferred), or consider extending one of the following types with your repository: org.springframework.data.solr.repository.SolrRepository, org.springframework.data.solr.repository.SolrCrudRepository.
2021-04-13 09:16:19.462  INFO 19433 --- [main] .RepositoryConfigurationExtensionSupport : Spring Data Solr - Could not safely identify store assignment for repository candidate interface pl.goreit.blog.infrastructure.mongo.MessageRepo. If you want this repository to be a Solr repository, consider annotating your entities with one of these annotations: org.springframework.data.solr.core.mapping.SolrDocument (preferred), or consider extending one of the following types with your repository: org.springframework.data.solr.repository.SolrRepository, org.springframework.data.solr.repository.SolrCrudRepository.
2021-04-13 09:16:19.463  INFO 19433 --- [main] .RepositoryConfigurationExtensionSupport : Spring Data Solr - Could not safely identify store assignment for repository candidate interface pl.goreit.blog.infrastructure.mongo.OrderRepo. If you want this repository to be a Solr repository, consider annotating your entities with one of these annotations: org.springframework.data.solr.core.mapping.SolrDocument (preferred), or consider extending one of the following types with your repository: org.springframework.data.solr.repository.SolrRepository, org.springframework.data.solr.repository.SolrCrudRepository.
2021-04-13 09:16:19.463  INFO 19433 --- [main] .RepositoryConfigurationExtensionSupport : Spring Data Solr - Could not safely identify store assignment for repository candidate interface pl.goreit.blog.infrastructure.mongo.PhotoAlbumRepo. If you want this repository to be a Solr repository, consider annotating your entities with one of these annotations: org.springframework.data.solr.core.mapping.SolrDocument (preferred), or consider extending one of the following types with your repository: org.springframework.data.solr.repository.SolrRepository, org.springframework.data.solr.repository.SolrCrudRepository.
2021-04-13 09:16:19.463  INFO 19433 --- [main] .RepositoryConfigurationExtensionSupport : Spring Data Solr - Could not safely identify store assignment for repository candidate interface pl.goreit.blog.infrastructure.mongo.ProductRepo. If you want this repository to be a Solr repository, consider annotating your entities with one of these annotations: org.springframework.data.solr.core.mapping.SolrDocument (preferred), or consider extending one of the following types with your repository: org.springframework.data.solr.repository.SolrRepository, org.springframework.data.solr.repository.SolrCrudRepository.
2021-04-13 09:16:19.464  INFO 19433 --- [main] .RepositoryConfigurationExtensionSupport : Spring Data Solr - Could not safely identify store assignment for repository candidate interface pl.goreit.blog.infrastructure.mongo.WorkshopRepo. If you want this repository to be a Solr repository, consider annotating your entities with one of these annotations: org.springframework.data.solr.core.mapping.SolrDocument (preferred), or consider extending one of the following types with your repository: org.springframework.data.solr.repository.SolrRepository, org.springframework.data.solr.repository.SolrCrudRepository.
2021-04-13 09:16:19.464  INFO 19433 --- [main] .s.d.r.c.RepositoryConfigurationDelegate : Finished Spring Data repository scanning in 7ms. Found 0 Solr repository interfaces.
2021-04-13 09:16:20.024  INFO 19433 --- [main] o.s.b.w.embedded.tomcat.TomcatWebServer  : Tomcat initialized with port(s): 8080 (http)
2021-04-13 09:16:20.032  INFO 19433 --- [main] o.apache.catalina.core.StandardService   : Starting service [Tomcat]
2021-04-13 09:16:20.032  INFO 19433 --- [main] org.apache.catalina.core.StandardEngine  : Starting Servlet engine: [Apache Tomcat/9.0.31]
2021-04-13 09:16:20.080  INFO 19433 --- [main] o.a.c.c.C.[Tomcat].[localhost].[/]       : Initializing Spring embedded WebApplicationContext
2021-04-13 09:16:20.080  INFO 19433 --- [main] o.s.web.context.ContextLoader            : Root WebApplicationContext: initialization completed in 1282 ms
2021-04-13 09:16:20.391  INFO 19433 --- [main] org.mongodb.driver.cluster               : Cluster created with settings {hosts=[localhost:27017], mode=MULTIPLE, requiredClusterType=UNKNOWN, serverSelectionTimeout='30000 ms', maxWaitQueueSize=500}
2021-04-13 09:16:20.392  INFO 19433 --- [main] org.mongodb.driver.cluster               : Adding discovered server localhost:27017 to client view of cluster
2021-04-13 09:16:20.435  INFO 19433 --- [cluster-ClusterId{value='60754544f4a0d676d91611cc', description='null'}-localhost:27017] org.mongodb.driver.connection            : Opened connection [connectionId{localValue:1, serverValue:11}] to localhost:27017
2021-04-13 09:16:20.439  INFO 19433 --- [cluster-ClusterId{value='60754544f4a0d676d91611cc', description='null'}-localhost:27017] org.mongodb.driver.cluster               : Monitor thread successfully connected to server with description ServerDescription{address=localhost:27017, type=STANDALONE, state=CONNECTED, ok=true, version=ServerVersion{versionList=[4, 0, 0]}, minWireVersion=0, maxWireVersion=7, maxDocumentSize=16777216, logicalSessionTimeoutMinutes=30, roundTripTimeNanos=2178047}
2021-04-13 09:16:20.439  INFO 19433 --- [cluster-ClusterId{value='60754544f4a0d676d91611cc', description='null'}-localhost:27017] org.mongodb.driver.cluster               : Discovered cluster type of STANDALONE
2021-04-13 09:16:20.561  WARN 19433 --- [main] .m.c.i.MongoPersistentEntityIndexCreator : Automatic index creation will be disabled by default as of Spring Data MongoDB 3.x.
	Please use 'MongoMappingContext#setAutoIndexCreation(boolean)' or override 'MongoConfigurationSupport#autoIndexCreation()' to be explicit.
	However, we recommend setting up indices manually in an application ready block. You may use index derivation there as well.

	> -----------------------------------------------------------------------------------------
	> @EventListener(ApplicationReadyEvent.class)
	> public void initIndicesAfterStartup() {
	>
	>     IndexOperations indexOps = mongoTemplate.indexOps(DomainType.class);
	>
	>     IndexResolver resolver = new MongoPersistentEntityIndexResolver(mongoMappingContext);
	>     resolver.resolveIndexFor(DomainType.class).forEach(indexOps::ensureIndex);
	> }
	> -----------------------------------------------------------------------------------------

2021-04-13 09:16:20.681  INFO 19433 --- [main] org.mongodb.driver.connection            : Opened connection [connectionId{localValue:2, serverValue:12}] to localhost:27017
2021-04-13 09:16:21.534  INFO 19433 --- [main] o.s.b.a.e.web.EndpointLinksResolver      : Exposing 2 endpoint(s) beneath base path '/actuator'
2021-04-13 09:16:21.588  INFO 19433 --- [main] pertySourcedRequestMappingHandlerMapping : Mapped URL path [/v2/api-docs] onto method [springfox.documentation.swagger2.web.Swagger2Controller#getDocumentation(String, HttpServletRequest)]
2021-04-13 09:16:21.679  INFO 19433 --- [main] o.s.s.web.DefaultSecurityFilterChain     : Creating filter chain: any request, [org.springframework.security.web.context.request.async.WebAsyncManagerIntegrationFilter@44976b08, org.springframework.security.web.context.SecurityContextPersistenceFilter@604c7e9b, org.springframework.security.web.header.HeaderWriterFilter@1dca62c2, org.springframework.security.web.authentication.logout.LogoutFilter@271e851e, org.springframework.security.web.authentication.www.BasicAuthenticationFilter@750e2d33, org.springframework.security.web.savedrequest.RequestCacheAwareFilter@6181bc4a, org.springframework.security.web.servletapi.SecurityContextHolderAwareRequestFilter@c4cceb, org.springframework.security.web.authentication.AnonymousAuthenticationFilter@29b8df5, org.springframework.security.web.session.SessionManagementFilter@11ad095c, org.springframework.security.web.access.ExceptionTranslationFilter@5a82bc58, org.springframework.security.web.access.intercept.FilterSecurityInterceptor@aa0dbca]
2021-04-13 09:16:21.685  INFO 19433 --- [main] o.s.s.c.ThreadPoolTaskScheduler          : Initializing ExecutorService 'threadPoolTaskScheduler'
2021-04-13 09:16:21.886  INFO 19433 --- [main] d.s.w.p.DocumentationPluginsBootstrapper : Context refreshed
2021-04-13 09:16:21.899  INFO 19433 --- [main] d.s.w.p.DocumentationPluginsBootstrapper : Found 1 custom documentation plugin(s)
2021-04-13 09:16:21.922  INFO 19433 --- [main] s.d.s.w.s.ApiListingReferenceScanner     : Scanning for api listing references
2021-04-13 09:16:22.138  INFO 19433 --- [main] .d.s.w.r.o.CachingOperationNameGenerator : Generating unique operation named: handleUsingGET_1
2021-04-13 09:16:22.139  INFO 19433 --- [main] .d.s.w.r.o.CachingOperationNameGenerator : Generating unique operation named: handleUsingGET_2
2021-04-13 09:16:22.166  INFO 19433 --- [main] .d.s.w.r.o.CachingOperationNameGenerator : Generating unique operation named: addOrderUsingPOST_1
2021-04-13 09:16:22.210  INFO 19433 --- [main] o.s.b.w.embedded.tomcat.TomcatWebServer  : Tomcat started on port(s): 8080 (http) with context path ''
2021-04-13 09:16:22.211  INFO 19433 --- [main] pl.goreit.blog.GoreIT                    : Started GoreIT in 3.738 seconds (JVM running for 3.976)
2021-04-13 09:16:27.238  INFO 19433 --- [http-nio-8080-exec-1] o.a.c.c.C.[Tomcat].[localhost].[/]       : Initializing Spring DispatcherServlet 'dispatcherServlet'
2021-04-13 09:16:27.239  INFO 19433 --- [http-nio-8080-exec-1] o.s.web.servlet.DispatcherServlet        : Initializing Servlet 'dispatcherServlet'
2021-04-13 09:16:27.245  INFO 19433 --- [http-nio-8080-exec-1] o.s.web.servlet.DispatcherServlet        : Completed initialization in 6 ms
2021-04-13 09:31:15.219  INFO 23636 --- [main] pl.goreit.blog.GoreIT                    : Starting GoreIT on goreit-pc with PID 23636 (/home/goreit/projects/gworkshop/out/production/classes started by goreit in /home/goreit/projects/gworkshop)
2021-04-13 09:31:15.222  INFO 23636 --- [main] pl.goreit.blog.GoreIT                    : The following profiles are active: local
2021-04-13 09:31:15.930  INFO 23636 --- [main] .s.d.r.c.RepositoryConfigurationDelegate : Multiple Spring Data modules found, entering strict repository configuration mode!
2021-04-13 09:31:15.931  INFO 23636 --- [main] .s.d.r.c.RepositoryConfigurationDelegate : Bootstrapping Spring Data MongoDB repositories in DEFAULT mode.
2021-04-13 09:31:15.979  INFO 23636 --- [main] .s.d.r.c.RepositoryConfigurationDelegate : Finished Spring Data repository scanning in 45ms. Found 6 MongoDB repository interfaces.
2021-04-13 09:31:15.984  INFO 23636 --- [main] .s.d.r.c.RepositoryConfigurationDelegate : Multiple Spring Data modules found, entering strict repository configuration mode!
2021-04-13 09:31:15.984  INFO 23636 --- [main] .s.d.r.c.RepositoryConfigurationDelegate : Bootstrapping Spring Data Solr repositories in DEFAULT mode.
2021-04-13 09:31:15.993  INFO 23636 --- [main] .RepositoryConfigurationExtensionSupport : Spring Data Solr - Could not safely identify store assignment for repository candidate interface pl.goreit.blog.infrastructure.mongo.AccountRepo. If you want this repository to be a Solr repository, consider annotating your entities with one of these annotations: org.springframework.data.solr.core.mapping.SolrDocument (preferred), or consider extending one of the following types with your repository: org.springframework.data.solr.repository.SolrRepository, org.springframework.data.solr.repository.SolrCrudRepository.
2021-04-13 09:31:15.994  INFO 23636 --- [main] .RepositoryConfigurationExtensionSupport : Spring Data Solr - Could not safely identify store assignment for repository candidate interface pl.goreit.blog.infrastructure.mongo.MessageRepo. If you want this repository to be a Solr repository, consider annotating your entities with one of these annotations: org.springframework.data.solr.core.mapping.SolrDocument (preferred), or consider extending one of the following types with your repository: org.springframework.data.solr.repository.SolrRepository, org.springframework.data.solr.repository.SolrCrudRepository.
2021-04-13 09:31:15.994  INFO 23636 --- [main] .RepositoryConfigurationExtensionSupport : Spring Data Solr - Could not safely identify store assignment for repository candidate interface pl.goreit.blog.infrastructure.mongo.OrderRepo. If you want this repository to be a Solr repository, consider annotating your entities with one of these annotations: org.springframework.data.solr.core.mapping.SolrDocument (preferred), or consider extending one of the following types with your repository: org.springframework.data.solr.repository.SolrRepository, org.springframework.data.solr.repository.SolrCrudRepository.
2021-04-13 09:31:15.994  INFO 23636 --- [main] .RepositoryConfigurationExtensionSupport : Spring Data Solr - Could not safely identify store assignment for repository candidate interface pl.goreit.blog.infrastructure.mongo.PhotoAlbumRepo. If you want this repository to be a Solr repository, consider annotating your entities with one of these annotations: org.springframework.data.solr.core.mapping.SolrDocument (preferred), or consider extending one of the following types with your repository: org.springframework.data.solr.repository.SolrRepository, org.springframework.data.solr.repository.SolrCrudRepository.
2021-04-13 09:31:15.995  INFO 23636 --- [main] .RepositoryConfigurationExtensionSupport : Spring Data Solr - Could not safely identify store assignment for repository candidate interface pl.goreit.blog.infrastructure.mongo.ProductRepo. If you want this repository to be a Solr repository, consider annotating your entities with one of these annotations: org.springframework.data.solr.core.mapping.SolrDocument (preferred), or consider extending one of the following types with your repository: org.springframework.data.solr.repository.SolrRepository, org.springframework.data.solr.repository.SolrCrudRepository.
2021-04-13 09:31:15.995  INFO 23636 --- [main] .RepositoryConfigurationExtensionSupport : Spring Data Solr - Could not safely identify store assignment for repository candidate interface pl.goreit.blog.infrastructure.mongo.WorkshopRepo. If you want this repository to be a Solr repository, consider annotating your entities with one of these annotations: org.springframework.data.solr.core.mapping.SolrDocument (preferred), or consider extending one of the following types with your repository: org.springframework.data.solr.repository.SolrRepository, org.springframework.data.solr.repository.SolrCrudRepository.
2021-04-13 09:31:15.995  INFO 23636 --- [main] .s.d.r.c.RepositoryConfigurationDelegate : Finished Spring Data repository scanning in 7ms. Found 0 Solr repository interfaces.
2021-04-13 09:31:16.640  INFO 23636 --- [main] o.s.b.w.embedded.tomcat.TomcatWebServer  : Tomcat initialized with port(s): 8080 (http)
2021-04-13 09:31:16.649  INFO 23636 --- [main] o.apache.catalina.core.StandardService   : Starting service [Tomcat]
2021-04-13 09:31:16.649  INFO 23636 --- [main] org.apache.catalina.core.StandardEngine  : Starting Servlet engine: [Apache Tomcat/9.0.31]
2021-04-13 09:31:16.701  INFO 23636 --- [main] o.a.c.c.C.[Tomcat].[localhost].[/]       : Initializing Spring embedded WebApplicationContext
2021-04-13 09:31:16.701  INFO 23636 --- [main] o.s.web.context.ContextLoader            : Root WebApplicationContext: initialization completed in 1443 ms
2021-04-13 09:31:17.030  INFO 23636 --- [main] org.mongodb.driver.cluster               : Cluster created with settings {hosts=[localhost:27017], mode=MULTIPLE, requiredClusterType=UNKNOWN, serverSelectionTimeout='30000 ms', maxWaitQueueSize=500}
2021-04-13 09:31:17.030  INFO 23636 --- [main] org.mongodb.driver.cluster               : Adding discovered server localhost:27017 to client view of cluster
2021-04-13 09:31:17.077  INFO 23636 --- [cluster-ClusterId{value='607548c57214b453a3bcd3da', description='null'}-localhost:27017] org.mongodb.driver.connection            : Opened connection [connectionId{localValue:1, serverValue:29}] to localhost:27017
2021-04-13 09:31:17.080  INFO 23636 --- [cluster-ClusterId{value='607548c57214b453a3bcd3da', description='null'}-localhost:27017] org.mongodb.driver.cluster               : Monitor thread successfully connected to server with description ServerDescription{address=localhost:27017, type=STANDALONE, state=CONNECTED, ok=true, version=ServerVersion{versionList=[4, 0, 0]}, minWireVersion=0, maxWireVersion=7, maxDocumentSize=16777216, logicalSessionTimeoutMinutes=30, roundTripTimeNanos=1704654}
2021-04-13 09:31:17.080  INFO 23636 --- [cluster-ClusterId{value='607548c57214b453a3bcd3da', description='null'}-localhost:27017] org.mongodb.driver.cluster               : Discovered cluster type of STANDALONE
2021-04-13 09:31:17.214  WARN 23636 --- [main] .m.c.i.MongoPersistentEntityIndexCreator : Automatic index creation will be disabled by default as of Spring Data MongoDB 3.x.
	Please use 'MongoMappingContext#setAutoIndexCreation(boolean)' or override 'MongoConfigurationSupport#autoIndexCreation()' to be explicit.
	However, we recommend setting up indices manually in an application ready block. You may use index derivation there as well.

	> -----------------------------------------------------------------------------------------
	> @EventListener(ApplicationReadyEvent.class)
	> public void initIndicesAfterStartup() {
	>
	>     IndexOperations indexOps = mongoTemplate.indexOps(DomainType.class);
	>
	>     IndexResolver resolver = new MongoPersistentEntityIndexResolver(mongoMappingContext);
	>     resolver.resolveIndexFor(DomainType.class).forEach(indexOps::ensureIndex);
	> }
	> -----------------------------------------------------------------------------------------

2021-04-13 09:31:17.304  INFO 23636 --- [main] org.mongodb.driver.connection            : Opened connection [connectionId{localValue:2, serverValue:30}] to localhost:27017
2021-04-13 09:31:18.248  INFO 23636 --- [main] o.s.b.a.e.web.EndpointLinksResolver      : Exposing 2 endpoint(s) beneath base path '/actuator'
2021-04-13 09:31:18.295  INFO 23636 --- [main] pertySourcedRequestMappingHandlerMapping : Mapped URL path [/v2/api-docs] onto method [springfox.documentation.swagger2.web.Swagger2Controller#getDocumentation(String, HttpServletRequest)]
2021-04-13 09:31:18.373  INFO 23636 --- [main] o.s.s.web.DefaultSecurityFilterChain     : Creating filter chain: any request, [org.springframework.security.web.context.request.async.WebAsyncManagerIntegrationFilter@48106381, org.springframework.security.web.context.SecurityContextPersistenceFilter@485c84d7, org.springframework.security.web.header.HeaderWriterFilter@7cdfa824, org.springframework.security.web.authentication.logout.LogoutFilter@d76099a, org.springframework.security.web.authentication.www.BasicAuthenticationFilter@10f20d38, org.springframework.security.web.savedrequest.RequestCacheAwareFilter@72a3462f, org.springframework.security.web.servletapi.SecurityContextHolderAwareRequestFilter@7440265c, org.springframework.security.web.authentication.AnonymousAuthenticationFilter@3c544c9, org.springframework.security.web.session.SessionManagementFilter@65d7eea4, org.springframework.security.web.access.ExceptionTranslationFilter@5c4714ef, org.springframework.security.web.access.intercept.FilterSecurityInterceptor@f76872f]
2021-04-13 09:31:18.379  INFO 23636 --- [main] o.s.s.c.ThreadPoolTaskScheduler          : Initializing ExecutorService 'threadPoolTaskScheduler'
2021-04-13 09:31:18.579  INFO 23636 --- [main] d.s.w.p.DocumentationPluginsBootstrapper : Context refreshed
2021-04-13 09:31:18.592  INFO 23636 --- [main] d.s.w.p.DocumentationPluginsBootstrapper : Found 1 custom documentation plugin(s)
2021-04-13 09:31:18.616  INFO 23636 --- [main] s.d.s.w.s.ApiListingReferenceScanner     : Scanning for api listing references
2021-04-13 09:31:18.863  INFO 23636 --- [main] .d.s.w.r.o.CachingOperationNameGenerator : Generating unique operation named: handleUsingGET_1
2021-04-13 09:31:18.864  INFO 23636 --- [main] .d.s.w.r.o.CachingOperationNameGenerator : Generating unique operation named: handleUsingGET_2
2021-04-13 09:31:18.900  INFO 23636 --- [main] .d.s.w.r.o.CachingOperationNameGenerator : Generating unique operation named: addOrderUsingPOST_1
2021-04-13 09:31:18.950  INFO 23636 --- [main] o.s.b.w.embedded.tomcat.TomcatWebServer  : Tomcat started on port(s): 8080 (http) with context path ''
2021-04-13 09:31:18.952  INFO 23636 --- [main] pl.goreit.blog.GoreIT                    : Started GoreIT in 4.128 seconds (JVM running for 4.468)
